{"/Users/patdevng/Documents/geojson/src/controller.ts": {"path":"/Users/patdevng/Documents/geojson/src/controller.ts","statementMap":{"0":{"start":{"line":2,"column":0},"end":{"line":2,"column":61}},"1":{"start":{"line":4,"column":0},"end":{"line":4,"column":54}},"2":{"start":{"line":5,"column":0},"end":{"line":5,"column":35}},"3":{"start":{"line":12,"column":7},"end":{"line":24,"column":null}},"4":{"start":{"line":15,"column":2},"end":{"line":15,"column":39}},"5":{"start":{"line":20,"column":13},"end":{"line":20,"column":27}},"6":{"start":{"line":21,"column":16},"end":{"line":21,"column":58}},"7":{"start":{"line":22,"column":0},"end":{"line":22,"column":30}},"8":{"start":{"line":19,"column":13},"end":{"line":23,"column":null}},"9":{"start":{"line":12,"column":13},"end":{"line":24,"column":null}},"10":{"start":{"line":12,"column":13},"end":{"line":12,"column":30}}},"fnMap":{"0":{"name":"(anonymous_4)","decl":{"start":{"line":14,"column":0},"end":{"line":14,"column":14}},"loc":{"start":{"line":14,"column":71},"end":{"line":16,"column":1}}},"1":{"name":"(anonymous_5)","decl":{"start":{"line":19,"column":7},"end":{"line":19,"column":12}},"loc":{"start":{"line":19,"column":51},"end":{"line":23,"column":1}}}},"branchMap":{},"s":{"0":1,"1":1,"2":1,"3":1,"4":2,"5":2,"6":2,"7":1,"8":1,"9":1,"10":1},"f":{"0":2,"1":2},"b":{}}
,"/Users/patdevng/Documents/geojson/src/error.ts": {"path":"/Users/patdevng/Documents/geojson/src/error.ts","statementMap":{"0":{"start":{"line":1,"column":0},"end":{"line":1,"column":37}},"1":{"start":{"line":8,"column":4},"end":{"line":8,"column":27}},"2":{"start":{"line":9,"column":4},"end":{"line":9,"column":25}},"3":{"start":{"line":10,"column":4},"end":{"line":10,"column":41}},"4":{"start":{"line":2,"column":0},"end":{"line":2,"column":13}},"5":{"start":{"line":24,"column":4},"end":{"line":24,"column":43}},"6":{"start":{"line":25,"column":4},"end":{"line":25,"column":27}},"7":{"start":{"line":26,"column":4},"end":{"line":26,"column":25}},"8":{"start":{"line":27,"column":4},"end":{"line":27,"column":41}},"9":{"start":{"line":14,"column":0},"end":{"line":14,"column":13}}},"fnMap":{"0":{"name":"(anonymous_1)","decl":{"start":{"line":7,"column":2},"end":{"line":7,"column":14}},"loc":{"start":{"line":7,"column":69},"end":{"line":11,"column":3}}},"1":{"name":"(anonymous_2)","decl":{"start":{"line":19,"column":2},"end":{"line":19,"column":null}},"loc":{"start":{"line":22,"column":28},"end":{"line":28,"column":3}}}},"branchMap":{"0":{"loc":{"start":{"line":7,"column":31},"end":{"line":7,"column":43}},"type":"default-arg","locations":[{"start":{"line":7,"column":40},"end":{"line":7,"column":43}}]},"1":{"loc":{"start":{"line":7,"column":45},"end":{"line":7,"column":69}},"type":"default-arg","locations":[{"start":{"line":7,"column":67},"end":{"line":7,"column":69}}]},"2":{"loc":{"start":{"line":20,"column":4},"end":{"line":20,"column":27}},"type":"default-arg","locations":[{"start":{"line":20,"column":14},"end":{"line":20,"column":27}}]},"3":{"loc":{"start":{"line":21,"column":4},"end":{"line":21,"column":35}},"type":"default-arg","locations":[{"start":{"line":21,"column":13},"end":{"line":21,"column":35}}]},"4":{"loc":{"start":{"line":22,"column":4},"end":{"line":22,"column":28}},"type":"default-arg","locations":[{"start":{"line":22,"column":26},"end":{"line":22,"column":28}}]}},"s":{"0":2,"1":2,"2":2,"3":2,"4":2,"5":2,"6":2,"7":2,"8":2,"9":2},"f":{"0":2,"1":2},"b":{"0":[0],"1":[0],"2":[0],"3":[2],"4":[2]}}
,"/Users/patdevng/Documents/geojson/src/middleware.ts": {"path":"/Users/patdevng/Documents/geojson/src/middleware.ts","statementMap":{"0":{"start":{"line":2,"column":0},"end":{"line":2,"column":42}},"1":{"start":{"line":9,"column":15},"end":{"line":9,"column":29}},"2":{"start":{"line":11,"column":2},"end":{"line":25,"column":null}},"3":{"start":{"line":12,"column":22},"end":{"line":12,"column":65}},"4":{"start":{"line":12,"column":52},"end":{"line":12,"column":64}},"5":{"start":{"line":13,"column":4},"end":{"line":22,"column":null}},"6":{"start":{"line":14,"column":6},"end":{"line":14,"column":59}},"7":{"start":{"line":16,"column":41},"end":{"line":16,"column":50}},"8":{"start":{"line":17,"column":6},"end":{"line":21,"column":null}},"9":{"start":{"line":18,"column":8},"end":{"line":18,"column":58}},"10":{"start":{"line":20,"column":8},"end":{"line":20,"column":15}},"11":{"start":{"line":24,"column":4},"end":{"line":24,"column":71}},"12":{"start":{"line":4,"column":0},"end":{"line":4,"column":16}}},"fnMap":{"0":{"name":"validateBBoxMiddleware","decl":{"start":{"line":4,"column":16},"end":{"line":4,"column":38}},"loc":{"start":{"line":7,"column":20},"end":{"line":26,"column":1}}},"1":{"name":"(anonymous_1)","decl":{"start":{"line":12,"column":42},"end":{"line":12,"column":43}},"loc":{"start":{"line":12,"column":52},"end":{"line":12,"column":64}}}},"branchMap":{"0":{"loc":{"start":{"line":11,"column":2},"end":{"line":25,"column":null}},"type":"if","locations":[{"start":{"line":11,"column":2},"end":{"line":25,"column":null}},{"start":{"line":23,"column":9},"end":{"line":25,"column":null}}]},"1":{"loc":{"start":{"line":13,"column":4},"end":{"line":22,"column":null}},"type":"if","locations":[{"start":{"line":13,"column":4},"end":{"line":22,"column":null}},{"start":{"line":15,"column":11},"end":{"line":22,"column":null}}]},"2":{"loc":{"start":{"line":17,"column":6},"end":{"line":21,"column":null}},"type":"if","locations":[{"start":{"line":17,"column":6},"end":{"line":21,"column":null}},{"start":{"line":19,"column":13},"end":{"line":21,"column":null}}]},"3":{"loc":{"start":{"line":17,"column":10},"end":{"line":17,"column":68}},"type":"binary-expr","locations":[{"start":{"line":17,"column":10},"end":{"line":17,"column":21}},{"start":{"line":17,"column":25},"end":{"line":17,"column":37}},{"start":{"line":17,"column":41},"end":{"line":17,"column":52}},{"start":{"line":17,"column":56},"end":{"line":17,"column":68}}]}},"s":{"0":2,"1":3,"2":3,"3":3,"4":11,"5":3,"6":1,"7":2,"8":2,"9":1,"10":1,"11":0,"12":2},"f":{"0":3,"1":11},"b":{"0":[3,0],"1":[1,2],"2":[1,1],"3":[2,1,1,1]}}
,"/Users/patdevng/Documents/geojson/src/service.ts": {"path":"/Users/patdevng/Documents/geojson/src/service.ts","statementMap":{"0":{"start":{"line":1,"column":0},"end":{"line":1,"column":39}},"1":{"start":{"line":2,"column":0},"end":{"line":2,"column":36}},"2":{"start":{"line":3,"column":0},"end":{"line":3,"column":40}},"3":{"start":{"line":9,"column":7},"end":{"line":20,"column":null}},"4":{"start":{"line":11,"column":2},"end":{"line":16,"column":null}},"5":{"start":{"line":12,"column":20},"end":{"line":12,"column":42}},"6":{"start":{"line":13,"column":4},"end":{"line":13,"column":33}},"7":{"start":{"line":15,"column":4},"end":{"line":15,"column":16}},"8":{"start":{"line":9,"column":13},"end":{"line":20,"column":null}},"9":{"start":{"line":9,"column":13},"end":{"line":9,"column":27}}},"fnMap":{"0":{"name":"(anonymous_2)","decl":{"start":{"line":10,"column":1},"end":{"line":10,"column":6}},"loc":{"start":{"line":10,"column":28},"end":{"line":18,"column":3}}}},"branchMap":{},"s":{"0":1,"1":1,"2":1,"3":1,"4":1,"5":1,"6":1,"7":0,"8":1,"9":1},"f":{"0":1},"b":{}}
,"/Users/patdevng/Documents/geojson/src/util.ts": {"path":"/Users/patdevng/Documents/geojson/src/util.ts","statementMap":{"0":{"start":{"line":1,"column":0},"end":{"line":1,"column":26}},"1":{"start":{"line":2,"column":0},"end":{"line":2,"column":32}},"2":{"start":{"line":4,"column":0},"end":{"line":4,"column":9}},"3":{"start":{"line":6,"column":20},"end":{"line":6,"column":31}},"4":{"start":{"line":9,"column":22},"end":{"line":12,"column":2}},"5":{"start":{"line":14,"column":26},"end":{"line":24,"column":1}},"6":{"start":{"line":15,"column":22},"end":{"line":15,"column":71}},"7":{"start":{"line":16,"column":0},"end":{"line":23,"column":null}},"8":{"start":{"line":17,"column":15},"end":{"line":17,"column":42}},"9":{"start":{"line":18,"column":19},"end":{"line":18,"column":48}},"10":{"start":{"line":19,"column":2},"end":{"line":19,"column":23}},"11":{"start":{"line":21,"column":2},"end":{"line":21,"column":23}},"12":{"start":{"line":22,"column":2},"end":{"line":22,"column":14}},"13":{"start":{"line":14,"column":13},"end":{"line":14,"column":26}},"14":{"start":{"line":31,"column":38},"end":{"line":31,"column":36793}},"15":{"start":{"line":31,"column":42},"end":{"line":31,"column":36782}},"16":{"start":{"line":31,"column":36831},"end":{"line":31,"column":36871}},"17":{"start":{"line":31,"column":36835},"end":{"line":31,"column":36860}},"18":{"start":{"line":31,"column":36872},"end":{"line":31,"column":36881}},"19":{"start":{"line":31,"column":36882},"end":{"line":31,"column":36888}},"20":{"start":{"line":31,"column":36924},"end":{"line":31,"column":36966}},"21":{"start":{"line":31,"column":36928},"end":{"line":31,"column":36955}},"22":{"start":{"line":31,"column":36967},"end":{"line":31,"column":36976}},"23":{"start":{"line":31,"column":36977},"end":{"line":31,"column":36983}},"24":{"start":{"line":31,"column":37000},"end":{"line":31,"column":37037}},"25":{"start":{"line":31,"column":37004},"end":{"line":31,"column":37026}},"26":{"start":{"line":31,"column":37039},"end":{"line":31,"column":37045}},"27":{"start":{"line":31,"column":37062},"end":{"line":31,"column":37102}},"28":{"start":{"line":31,"column":37066},"end":{"line":31,"column":37091}},"29":{"start":{"line":31,"column":37104},"end":{"line":31,"column":37110}}},"fnMap":{"0":{"name":"(anonymous_1)","decl":{"start":{"line":14,"column":26},"end":{"line":14,"column":31}},"loc":{"start":{"line":14,"column":46},"end":{"line":24,"column":1}}},"1":{"name":"oo_cm","decl":{"start":{"line":31,"column":30},"end":{"line":31,"column":35}},"loc":{"start":{"line":31,"column":35},"end":{"line":31,"column":36794}}},"2":{"name":"oo_oo","decl":{"start":{"line":31,"column":36804},"end":{"line":31,"column":36809}},"loc":{"start":{"line":31,"column":36829},"end":{"line":31,"column":36881}}},"3":{"name":"oo_tr","decl":{"start":{"line":31,"column":36897},"end":{"line":31,"column":36902}},"loc":{"start":{"line":31,"column":36922},"end":{"line":31,"column":36976}}},"4":{"name":"oo_ts","decl":{"start":{"line":31,"column":36992},"end":{"line":31,"column":36997}},"loc":{"start":{"line":31,"column":36997},"end":{"line":31,"column":37038}}},"5":{"name":"oo_te","decl":{"start":{"line":31,"column":37054},"end":{"line":31,"column":37059}},"loc":{"start":{"line":31,"column":37059},"end":{"line":31,"column":37103}}}},"branchMap":{"0":{"loc":{"start":{"line":31,"column":49},"end":{"line":31,"column":36781}},"type":"binary-expr","locations":[{"start":{"line":31,"column":49},"end":{"line":31,"column":86}},{"start":{"line":31,"column":90},"end":{"line":31,"column":36781}}]}},"s":{"0":1,"1":1,"2":1,"3":1,"4":1,"5":1,"6":0,"7":0,"8":0,"9":0,"10":0,"11":0,"12":0,"13":1,"14":0,"15":0,"16":0,"17":0,"18":0,"19":1,"20":0,"21":0,"22":0,"23":1,"24":0,"25":0,"26":1,"27":0,"28":0,"29":1},"f":{"0":0,"1":0,"2":0,"3":0,"4":0,"5":0},"b":{"0":[0,0]}}
}
