TN:
SF:src/controller.ts
FN:14,(anonymous_4)
FN:19,(anonymous_5)
FNF:2
FNH:2
FNDA:2,(anonymous_4)
FNDA:2,(anonymous_5)
DA:2,1
DA:4,1
DA:5,1
DA:12,1
DA:15,2
DA:19,1
DA:20,2
DA:21,2
DA:22,1
LF:9
LH:9
BRF:0
BRH:0
end_of_record
TN:
SF:src/error.ts
FN:7,(anonymous_1)
FN:19,(anonymous_2)
FNF:2
FNH:2
FNDA:2,(anonymous_1)
FNDA:2,(anonymous_2)
DA:1,2
DA:2,2
DA:8,2
DA:9,2
DA:10,2
DA:14,2
DA:24,2
DA:25,2
DA:26,2
DA:27,2
LF:10
LH:10
BRDA:7,0,0,0
BRDA:7,1,0,0
BRDA:20,2,0,0
BRDA:21,3,0,2
BRDA:22,4,0,2
BRF:5
BRH:2
end_of_record
TN:
SF:src/middleware.ts
FN:4,validateBBoxMiddleware
FN:12,(anonymous_1)
FNF:2
FNH:2
FNDA:3,validateBBoxMiddleware
FNDA:11,(anonymous_1)
DA:2,2
DA:4,2
DA:9,3
DA:11,3
DA:12,11
DA:13,3
DA:14,1
DA:16,2
DA:17,2
DA:18,1
DA:20,1
DA:24,0
LF:12
LH:11
BRDA:11,0,0,3
BRDA:11,0,1,0
BRDA:13,1,0,1
BRDA:13,1,1,2
BRDA:17,2,0,1
BRDA:17,2,1,1
BRDA:17,3,0,2
BRDA:17,3,1,1
BRDA:17,3,2,1
BRDA:17,3,3,1
BRF:10
BRH:9
end_of_record
TN:
SF:src/service.ts
FN:10,(anonymous_2)
FNF:1
FNH:1
FNDA:1,(anonymous_2)
DA:1,1
DA:2,1
DA:3,1
DA:9,1
DA:11,1
DA:12,1
DA:13,1
DA:15,0
LF:8
LH:7
BRF:0
BRH:0
end_of_record
TN:
SF:src/util.ts
FN:14,(anonymous_1)
FN:31,oo_cm
FN:31,oo_oo
FN:31,oo_tr
FN:31,oo_ts
FN:31,oo_te
FNF:6
FNH:0
FNDA:0,(anonymous_1)
FNDA:0,oo_cm
FNDA:0,oo_oo
FNDA:0,oo_tr
FNDA:0,oo_ts
FNDA:0,oo_te
DA:1,1
DA:2,1
DA:4,1
DA:6,1
DA:9,1
DA:14,1
DA:15,0
DA:16,0
DA:17,0
DA:18,0
DA:19,0
DA:21,0
DA:22,0
DA:31,1
LF:14
LH:7
BRDA:31,0,0,0
BRDA:31,0,1,0
BRF:2
BRH:0
end_of_record
